Using pre-set license
Built from '2021.3/staging' branch; Version is '2021.3.20f1 (577897200b8b) revision 5732503'; Using compiler version '192829333'; Build Type 'Release'
OS: 'Windows 11  (10.0.22000) 64bit Professional' Language: 'ru' Physical Memory: 16315 MB
BatchMode: 1, IsHumanControllingUs: 0, StartBugReporterOnCrash: 0, Is64bit: 1, IsPro: 1

COMMAND LINE ARGUMENTS:
E:\Programs\Unity\2021.3.20f1\Editor\Unity.exe
-adb2
-batchMode
-noUpm
-name
AssetImportWorker6
-projectPath
C:/Program Files/The Tank Adventures
-logFile
Logs/AssetImportWorker6.log
-srvPort
50092
Successfully changed project path to: C:/Program Files/The Tank Adventures
C:/Program Files/The Tank Adventures
[UnityMemory] Configuration Parameters - Can be set up in boot.config
    "memorysetup-bucket-allocator-granularity=16"
    "memorysetup-bucket-allocator-bucket-count=8"
    "memorysetup-bucket-allocator-block-size=33554432"
    "memorysetup-bucket-allocator-block-count=8"
    "memorysetup-main-allocator-block-size=16777216"
    "memorysetup-thread-allocator-block-size=16777216"
    "memorysetup-gfx-main-allocator-block-size=16777216"
    "memorysetup-gfx-thread-allocator-block-size=16777216"
    "memorysetup-cache-allocator-block-size=4194304"
    "memorysetup-typetree-allocator-block-size=2097152"
    "memorysetup-profiler-bucket-allocator-granularity=16"
    "memorysetup-profiler-bucket-allocator-bucket-count=8"
    "memorysetup-profiler-bucket-allocator-block-size=33554432"
    "memorysetup-profiler-bucket-allocator-block-count=8"
    "memorysetup-profiler-allocator-block-size=16777216"
    "memorysetup-profiler-editor-allocator-block-size=1048576"
    "memorysetup-temp-allocator-size-main=16777216"
    "memorysetup-job-temp-allocator-block-size=2097152"
    "memorysetup-job-temp-allocator-block-size-background=1048576"
    "memorysetup-job-temp-allocator-reduction-small-platforms=262144"
    "memorysetup-temp-allocator-size-background-worker=32768"
    "memorysetup-temp-allocator-size-job-worker=262144"
    "memorysetup-temp-allocator-size-preload-manager=33554432"
    "memorysetup-temp-allocator-size-nav-mesh-worker=65536"
    "memorysetup-temp-allocator-size-audio-worker=65536"
    "memorysetup-temp-allocator-size-cloud-worker=32768"
    "memorysetup-temp-allocator-size-gi-baking-worker=262144"
    "memorysetup-temp-allocator-size-gfx=262144"
Player connection [8100] Host "[IP] 192.168.31.107 [Port] 0 [Flags] 2 [Guid] 3397156847 [EditorId] 3397156847 [Version] 1048832 [Id] WindowsEditor(7,HOME-PC) [Debug] 1 [PackageName] WindowsEditor [ProjectName] Editor" joined multi-casting on [225.0.0.222:54997]...

Player connection [8100] Host "[IP] 192.168.31.107 [Port] 0 [Flags] 2 [Guid] 3397156847 [EditorId] 3397156847 [Version] 1048832 [Id] WindowsEditor(7,HOME-PC) [Debug] 1 [PackageName] WindowsEditor [ProjectName] Editor" joined alternative multi-casting on [225.0.0.222:34997]...

Refreshing native plugins compatible for Editor in 104.90 ms, found 4 plugins.
Preloading 0 native plugins for Editor in 0.00 ms.
Initialize engine version: 2021.3.20f1 (577897200b8b)
[Subsystems] Discovering subsystems at path E:/Programs/Unity/2021.3.20f1/Editor/Data/Resources/UnitySubsystems
[Subsystems] Discovering subsystems at path C:/Program Files/The Tank Adventures/Assets
GfxDevice: creating device client; threaded=0; jobified=0
Direct3D:
    Version:  Direct3D 11.0 [level 11.1]
    Renderer: NVIDIA GeForce GTX 1060 3GB (ID=0x1c02)
    Vendor:   NVIDIA
    VRAM:     2988 MB
    Driver:   30.0.15.1215
Initialize mono
Mono path[0] = 'E:/Programs/Unity/2021.3.20f1/Editor/Data/Managed'
Mono path[1] = 'E:/Programs/Unity/2021.3.20f1/Editor/Data/MonoBleedingEdge/lib/mono/unityjit-win32'
Mono config path = 'E:/Programs/Unity/2021.3.20f1/Editor/Data/MonoBleedingEdge/etc'
Using monoOptions --debugger-agent=transport=dt_socket,embedding=1,server=y,suspend=n,address=127.0.0.1:56396
Begin MonoManager ReloadAssembly
Registering precompiled unity dll's ...
Register platform support module: E:/Programs/Unity/2021.3.20f1/Editor/Data/PlaybackEngines/WebGLSupport/UnityEditor.WebGL.Extensions.dll
Register platform support module: E:/Programs/Unity/2021.3.20f1/Editor/Data/PlaybackEngines/AndroidPlayer/UnityEditor.Android.Extensions.dll
Register platform support module: E:/Programs/Unity/2021.3.20f1/Editor/Data/PlaybackEngines/WindowsStandaloneSupport/UnityEditor.WindowsStandalone.Extensions.dll
Registered in 0.003824 seconds.
Native extension for WindowsStandalone target not found
Native extension for Android target not found
Android Extension - Scanning For ADB Devices 230 ms
Native extension for WebGL target not found
Refreshing native plugins compatible for Editor in 102.81 ms, found 4 plugins.
Preloading 0 native plugins for Editor in 0.00 ms.
Mono: successfully reloaded assembly
- Completed reload, in  0.947 seconds
Domain Reload Profiling:
	ReloadAssembly (948ms)
		BeginReloadAssembly (86ms)
			ExecutionOrderSort (0ms)
			DisableScriptedObjects (0ms)
			BackupInstance (0ms)
			ReleaseScriptingObjects (0ms)
			CreateAndSetChildDomain (1ms)
		EndReloadAssembly (761ms)
			LoadAssemblies (86ms)
			RebuildTransferFunctionScriptingTraits (0ms)
			SetupTypeCache (116ms)
			ReleaseScriptCaches (0ms)
			RebuildScriptCaches (28ms)
			SetupLoadedEditorAssemblies (564ms)
				LogAssemblyErrors (0ms)
				InitializePlatformSupportModulesInManaged (318ms)
				SetLoadedEditorAssemblies (0ms)
				RefreshPlugins (103ms)
				BeforeProcessingInitializeOnLoad (1ms)
				ProcessInitializeOnLoadAttributes (96ms)
				ProcessInitializeOnLoadMethodAttributes (45ms)
				AfterProcessingInitializeOnLoad (0ms)
				EditorAssembliesLoaded (0ms)
			ExecutionOrderSort2 (0ms)
			AwakeInstancesAfterBackupRestoration (0ms)
Platform modules already initialized, skipping
Registering precompiled user dll's ...
Registered in 0.011112 seconds.
Begin MonoManager ReloadAssembly
Symbol file LoadedFromMemory doesn't match image C:\Program Files\The Tank Adventures\Library\PackageCache\com.unity.visualscripting@1.8.0\Editor\VisualScripting.Core\Dependencies\YamlDotNet\Unity.VisualScripting.YamlDotNet.dll
Symbol file LoadedFromMemory doesn't match image C:\Program Files\The Tank Adventures\Library\PackageCache\com.unity.visualscripting@1.8.0\Editor\VisualScripting.Core\Dependencies\DotNetZip\Unity.VisualScripting.IonicZip.dll
Native extension for WindowsStandalone target not found
Native extension for Android target not found
Native extension for WebGL target not found
Refreshing native plugins compatible for Editor in 98.57 ms, found 4 plugins.
Preloading 0 native plugins for Editor in 0.00 ms.
Mono: successfully reloaded assembly
- Completed reload, in  1.196 seconds
Domain Reload Profiling:
	ReloadAssembly (1197ms)
		BeginReloadAssembly (124ms)
			ExecutionOrderSort (0ms)
			DisableScriptedObjects (7ms)
			BackupInstance (0ms)
			ReleaseScriptingObjects (0ms)
			CreateAndSetChildDomain (19ms)
		EndReloadAssembly (957ms)
			LoadAssemblies (102ms)
			RebuildTransferFunctionScriptingTraits (0ms)
			SetupTypeCache (248ms)
			ReleaseScriptCaches (1ms)
			RebuildScriptCaches (58ms)
			SetupLoadedEditorAssemblies (487ms)
				LogAssemblyErrors (0ms)
				InitializePlatformSupportModulesInManaged (17ms)
				SetLoadedEditorAssemblies (0ms)
				RefreshPlugins (99ms)
				BeforeProcessingInitializeOnLoad (95ms)
				ProcessInitializeOnLoadAttributes (233ms)
				ProcessInitializeOnLoadMethodAttributes (41ms)
				AfterProcessingInitializeOnLoad (3ms)
				EditorAssembliesLoaded (0ms)
			ExecutionOrderSort2 (0ms)
			AwakeInstancesAfterBackupRestoration (6ms)
Platform modules already initialized, skipping
========================================================================
Worker process is ready to serve import requests
Launched and connected shader compiler UnityShaderCompiler.exe after 0.04 seconds
Refreshing native plugins compatible for Editor in 0.79 ms, found 4 plugins.
Preloading 0 native plugins for Editor in 0.00 ms.
Unloading 3762 Unused Serialized files (Serialized files now loaded: 0)
Unloading 41 unused Assets / (228.8 KB). Loaded Objects now: 4219.
Memory consumption went from 143.4 MB to 143.2 MB.
Total: 3.571300 ms (FindLiveObjects: 0.331000 ms CreateObjectMapping: 0.098000 ms MarkObjects: 2.969600 ms  DeleteObjects: 0.171800 ms)

AssetImportParameters requested are different than current active one (requested -> active):
  custom:video-decoder-ogg-theora: a1e56fd34408186e4bbccfd4996cb3dc -> 
  custom:container-muxer-webm: aa71ff27fc2769a1b78a27578f13a17b -> 
  custom:container-demuxer-webm: 4f35f7cbe854078d1ac9338744f61a02 -> 
  custom:video-encoder-webm-vp8: eb34c28f22e8b96e1ab97ce403110664 -> 
  custom:audio-encoder-webm-vorbis: bf7c407c2cedff20999df2af8eb42d56 -> 
  custom:framework-win-MediaFoundation: 216162199b28c13a410421893ffa2e32 -> 
  custom:container-demuxer-ogg: 62fdf1f143b41e24485cea50d1cbac27 -> 
  custom:video-decoder-webm-vp8: 9c59270c3fd7afecdb556c50c9e8de78 -> 
  custom:audio-decoder-ogg-vorbis: bf7c407c2cedff20999df2af8eb42d56 -> 
========================================================================
Received Import Request.
  Time since last request: 7318.696185 seconds.
  path: Assets/Prefabs/PatrolingEnemy.prefab
  artifactKey: Guid(4f3a75b4cf243374b8d2555f6b827e9e) Importer(815301076,1909f56bfc062723c751e8b465ee728b)
Start importing Assets/Prefabs/PatrolingEnemy.prefab using Guid(4f3a75b4cf243374b8d2555f6b827e9e) Importer(815301076,1909f56bfc062723c751e8b465ee728b)  -> (artifact id: '38c7e0e2be253d43debc62e6dbb51f3c') in 0.158951 seconds 
========================================================================
Received Import Request.
  Time since last request: 18.431860 seconds.
  path: Assets/Prefabs/PatrolingEnemy.prefab
  artifactKey: Guid(4f3a75b4cf243374b8d2555f6b827e9e) Importer(815301076,1909f56bfc062723c751e8b465ee728b)
Start importing Assets/Prefabs/PatrolingEnemy.prefab using Guid(4f3a75b4cf243374b8d2555f6b827e9e) Importer(815301076,1909f56bfc062723c751e8b465ee728b)  -> (artifact id: 'aa408f0e31c31b1cdd265246ec4c3cfe') in 0.030515 seconds 
========================================================================
Received Import Request.
  Time since last request: 6.346826 seconds.
  path: Assets/Prefabs/PatrolingEnemy.prefab
  artifactKey: Guid(4f3a75b4cf243374b8d2555f6b827e9e) Importer(815301076,1909f56bfc062723c751e8b465ee728b)
Start importing Assets/Prefabs/PatrolingEnemy.prefab using Guid(4f3a75b4cf243374b8d2555f6b827e9e) Importer(815301076,1909f56bfc062723c751e8b465ee728b)  -> (artifact id: 'a911eb724cdbbf600ab02d5897cc6737') in 0.032186 seconds 
========================================================================
Received Import Request.
  Time since last request: 12.649613 seconds.
  path: Assets/Prefabs/PatrolingEnemy.prefab
  artifactKey: Guid(4f3a75b4cf243374b8d2555f6b827e9e) Importer(815301076,1909f56bfc062723c751e8b465ee728b)
Start importing Assets/Prefabs/PatrolingEnemy.prefab using Guid(4f3a75b4cf243374b8d2555f6b827e9e) Importer(815301076,1909f56bfc062723c751e8b465ee728b)  -> (artifact id: 'a94abbc1a548e0a90cf9abaf76e943c2') in 0.031117 seconds 
========================================================================
Received Import Request.
  Time since last request: 2.811804 seconds.
  path: Assets/Prefabs/PatrolingEnemy.prefab
  artifactKey: Guid(4f3a75b4cf243374b8d2555f6b827e9e) Importer(815301076,1909f56bfc062723c751e8b465ee728b)
Start importing Assets/Prefabs/PatrolingEnemy.prefab using Guid(4f3a75b4cf243374b8d2555f6b827e9e) Importer(815301076,1909f56bfc062723c751e8b465ee728b)  -> (artifact id: '9f44dcda500f6e09fe6dd19f5af6eb88') in 0.031322 seconds 
========================================================================
Received Import Request.
  Time since last request: 18.720752 seconds.
  path: Assets/Prefabs/PatrolingEnemy.prefab
  artifactKey: Guid(4f3a75b4cf243374b8d2555f6b827e9e) Importer(815301076,1909f56bfc062723c751e8b465ee728b)
Start importing Assets/Prefabs/PatrolingEnemy.prefab using Guid(4f3a75b4cf243374b8d2555f6b827e9e) Importer(815301076,1909f56bfc062723c751e8b465ee728b)  -> (artifact id: '779fa408fe315505b96188965ef6644e') in 0.028536 seconds 
========================================================================
Received Import Request.
  Time since last request: 50.476778 seconds.
  path: Assets/Prefabs/PatrolingEnemy.prefab
  artifactKey: Guid(4f3a75b4cf243374b8d2555f6b827e9e) Importer(815301076,1909f56bfc062723c751e8b465ee728b)
Start importing Assets/Prefabs/PatrolingEnemy.prefab using Guid(4f3a75b4cf243374b8d2555f6b827e9e) Importer(815301076,1909f56bfc062723c751e8b465ee728b)  -> (artifact id: 'a9a92f4a1153217d85d66fba025d1a9f') in 0.029215 seconds 
========================================================================
Received Import Request.
  Time since last request: 56.070732 seconds.
  path: Assets/Prefabs/PatrolingEnemy.prefab
  artifactKey: Guid(4f3a75b4cf243374b8d2555f6b827e9e) Importer(815301076,1909f56bfc062723c751e8b465ee728b)
Start importing Assets/Prefabs/PatrolingEnemy.prefab using Guid(4f3a75b4cf243374b8d2555f6b827e9e) Importer(815301076,1909f56bfc062723c751e8b465ee728b)  -> (artifact id: 'bcecf1be2dbf992ed1a6ea8452bbec34') in 0.028044 seconds 
========================================================================
Received Import Request.
  Time since last request: 0.564716 seconds.
  path: Assets/Prefabs/PatrolingEnemy.prefab
  artifactKey: Guid(4f3a75b4cf243374b8d2555f6b827e9e) Importer(815301076,1909f56bfc062723c751e8b465ee728b)
Start importing Assets/Prefabs/PatrolingEnemy.prefab using Guid(4f3a75b4cf243374b8d2555f6b827e9e) Importer(815301076,1909f56bfc062723c751e8b465ee728b)  -> (artifact id: '74b9602442259b588cf1594eb2cde08b') in 0.031020 seconds 
========================================================================
Received Import Request.
  Time since last request: 1.167389 seconds.
  path: Assets/Prefabs/PatrolingEnemy.prefab
  artifactKey: Guid(4f3a75b4cf243374b8d2555f6b827e9e) Importer(815301076,1909f56bfc062723c751e8b465ee728b)
Start importing Assets/Prefabs/PatrolingEnemy.prefab using Guid(4f3a75b4cf243374b8d2555f6b827e9e) Importer(815301076,1909f56bfc062723c751e8b465ee728b)  -> (artifact id: 'b041984b99f108c15421c47a1e17caf6') in 0.029405 seconds 
========================================================================
Received Import Request.
  Time since last request: 0.779322 seconds.
  path: Assets/Prefabs/PatrolingEnemy.prefab
  artifactKey: Guid(4f3a75b4cf243374b8d2555f6b827e9e) Importer(815301076,1909f56bfc062723c751e8b465ee728b)
Start importing Assets/Prefabs/PatrolingEnemy.prefab using Guid(4f3a75b4cf243374b8d2555f6b827e9e) Importer(815301076,1909f56bfc062723c751e8b465ee728b)  -> (artifact id: '1cea7601403df1cb60ee6c9773485e60') in 0.030190 seconds 
========================================================================
Received Import Request.
  Time since last request: 5.091606 seconds.
  path: Assets/Prefabs/PatrolingEnemy.prefab
  artifactKey: Guid(4f3a75b4cf243374b8d2555f6b827e9e) Importer(815301076,1909f56bfc062723c751e8b465ee728b)
Start importing Assets/Prefabs/PatrolingEnemy.prefab using Guid(4f3a75b4cf243374b8d2555f6b827e9e) Importer(815301076,1909f56bfc062723c751e8b465ee728b)  -> (artifact id: '02901d073f7e02807bfbd6381c1c87a7') in 0.030863 seconds 
========================================================================
Received Import Request.
  Time since last request: 1.611842 seconds.
  path: Assets/Prefabs/PatrolingEnemy.prefab
  artifactKey: Guid(4f3a75b4cf243374b8d2555f6b827e9e) Importer(815301076,1909f56bfc062723c751e8b465ee728b)
Start importing Assets/Prefabs/PatrolingEnemy.prefab using Guid(4f3a75b4cf243374b8d2555f6b827e9e) Importer(815301076,1909f56bfc062723c751e8b465ee728b)  -> (artifact id: '8f1dfa7b15497fb8dcf193d99d91a23e') in 0.029559 seconds 
========================================================================
Received Import Request.
  Time since last request: 5.595989 seconds.
  path: Assets/Prefabs/PatrolingEnemy.prefab
  artifactKey: Guid(4f3a75b4cf243374b8d2555f6b827e9e) Importer(815301076,1909f56bfc062723c751e8b465ee728b)
Start importing Assets/Prefabs/PatrolingEnemy.prefab using Guid(4f3a75b4cf243374b8d2555f6b827e9e) Importer(815301076,1909f56bfc062723c751e8b465ee728b)  -> (artifact id: 'c4db4fbe25f899d40ed459f8ec0f521b') in 0.028580 seconds 
========================================================================
Received Import Request.
  Time since last request: 3.152312 seconds.
  path: Assets/Prefabs/PatrolingEnemy.prefab
  artifactKey: Guid(4f3a75b4cf243374b8d2555f6b827e9e) Importer(815301076,1909f56bfc062723c751e8b465ee728b)
Start importing Assets/Prefabs/PatrolingEnemy.prefab using Guid(4f3a75b4cf243374b8d2555f6b827e9e) Importer(815301076,1909f56bfc062723c751e8b465ee728b)  -> (artifact id: 'fd2cdb234bf42a685a3deac58e010890') in 0.030027 seconds 
========================================================================
Received Import Request.
  Time since last request: 0.985294 seconds.
  path: Assets/Prefabs/PatrolingEnemy.prefab
  artifactKey: Guid(4f3a75b4cf243374b8d2555f6b827e9e) Importer(815301076,1909f56bfc062723c751e8b465ee728b)
Start importing Assets/Prefabs/PatrolingEnemy.prefab using Guid(4f3a75b4cf243374b8d2555f6b827e9e) Importer(815301076,1909f56bfc062723c751e8b465ee728b)  -> (artifact id: 'd24300d274543fc93d15f9e1b8ab3265') in 0.031322 seconds 
========================================================================
Received Import Request.
  Time since last request: 0.989700 seconds.
  path: Assets/Prefabs/PatrolingEnemy.prefab
  artifactKey: Guid(4f3a75b4cf243374b8d2555f6b827e9e) Importer(815301076,1909f56bfc062723c751e8b465ee728b)
Start importing Assets/Prefabs/PatrolingEnemy.prefab using Guid(4f3a75b4cf243374b8d2555f6b827e9e) Importer(815301076,1909f56bfc062723c751e8b465ee728b)  -> (artifact id: '17ecbd78083df84193d946911bdcdf8a') in 0.028593 seconds 
========================================================================
Received Import Request.
  Time since last request: 0.360574 seconds.
  path: Assets/Prefabs/PatrolingEnemy.prefab
  artifactKey: Guid(4f3a75b4cf243374b8d2555f6b827e9e) Importer(815301076,1909f56bfc062723c751e8b465ee728b)
Start importing Assets/Prefabs/PatrolingEnemy.prefab using Guid(4f3a75b4cf243374b8d2555f6b827e9e) Importer(815301076,1909f56bfc062723c751e8b465ee728b)  -> (artifact id: '512fed6fe4ca7e0465c05129cefd86df') in 0.029254 seconds 
========================================================================
Received Import Request.
  Time since last request: 0.174100 seconds.
  path: Assets/Prefabs/PatrolingEnemy.prefab
  artifactKey: Guid(4f3a75b4cf243374b8d2555f6b827e9e) Importer(815301076,1909f56bfc062723c751e8b465ee728b)
Start importing Assets/Prefabs/PatrolingEnemy.prefab using Guid(4f3a75b4cf243374b8d2555f6b827e9e) Importer(815301076,1909f56bfc062723c751e8b465ee728b)  -> (artifact id: '26c32a06c69231ad050caedbdf5c05a5') in 0.028766 seconds 
========================================================================
Received Import Request.
  Time since last request: 2.039079 seconds.
  path: Assets/Prefabs/PatrolingEnemy.prefab
  artifactKey: Guid(4f3a75b4cf243374b8d2555f6b827e9e) Importer(815301076,1909f56bfc062723c751e8b465ee728b)
Start importing Assets/Prefabs/PatrolingEnemy.prefab using Guid(4f3a75b4cf243374b8d2555f6b827e9e) Importer(815301076,1909f56bfc062723c751e8b465ee728b)  -> (artifact id: '136948b32806afb8fe6e7972a0ea3436') in 0.029805 seconds 
========================================================================
Received Import Request.
  Time since last request: 2.021781 seconds.
  path: Assets/Prefabs/PatrolingEnemy.prefab
  artifactKey: Guid(4f3a75b4cf243374b8d2555f6b827e9e) Importer(815301076,1909f56bfc062723c751e8b465ee728b)
Start importing Assets/Prefabs/PatrolingEnemy.prefab using Guid(4f3a75b4cf243374b8d2555f6b827e9e) Importer(815301076,1909f56bfc062723c751e8b465ee728b)  -> (artifact id: '690de9c62ce15756d3351dd9bb35a165') in 0.028628 seconds 
========================================================================
Received Import Request.
  Time since last request: 3.591497 seconds.
  path: Assets/Prefabs/PatrolingEnemy.prefab
  artifactKey: Guid(4f3a75b4cf243374b8d2555f6b827e9e) Importer(815301076,1909f56bfc062723c751e8b465ee728b)
Start importing Assets/Prefabs/PatrolingEnemy.prefab using Guid(4f3a75b4cf243374b8d2555f6b827e9e) Importer(815301076,1909f56bfc062723c751e8b465ee728b)  -> (artifact id: '03093883c1adcce4fc22d925f0c90aa3') in 0.030385 seconds 
========================================================================
Received Import Request.
  Time since last request: 4.042762 seconds.
  path: Assets/Prefabs/PatrolingEnemy.prefab
  artifactKey: Guid(4f3a75b4cf243374b8d2555f6b827e9e) Importer(815301076,1909f56bfc062723c751e8b465ee728b)
Start importing Assets/Prefabs/PatrolingEnemy.prefab using Guid(4f3a75b4cf243374b8d2555f6b827e9e) Importer(815301076,1909f56bfc062723c751e8b465ee728b)  -> (artifact id: '7782128f56966f871f478192efb977c3') in 0.027412 seconds 
Editor requested this worker to shutdown with reason: Scaling down because of idle timeout
AssetImportWorker is now disconnected from the server
Process exiting
Exiting without the bug reporter. Application will terminate with return code 0