Using pre-set license
Built from '2021.3/staging' branch; Version is '2021.3.20f1 (577897200b8b) revision 5732503'; Using compiler version '192829333'; Build Type 'Release'
OS: 'Windows 11  (10.0.22000) 64bit Professional' Language: 'ru' Physical Memory: 16315 MB
BatchMode: 1, IsHumanControllingUs: 0, StartBugReporterOnCrash: 0, Is64bit: 1, IsPro: 1

COMMAND LINE ARGUMENTS:
E:\Programs\Unity\2021.3.20f1\Editor\Unity.exe
-adb2
-batchMode
-noUpm
-name
AssetImportWorker10
-projectPath
C:/Program Files/The Tank Adventures
-logFile
Logs/AssetImportWorker10.log
-srvPort
50092
Successfully changed project path to: C:/Program Files/The Tank Adventures
C:/Program Files/The Tank Adventures
[UnityMemory] Configuration Parameters - Can be set up in boot.config
    "memorysetup-bucket-allocator-granularity=16"
    "memorysetup-bucket-allocator-bucket-count=8"
    "memorysetup-bucket-allocator-block-size=33554432"
    "memorysetup-bucket-allocator-block-count=8"
    "memorysetup-main-allocator-block-size=16777216"
    "memorysetup-thread-allocator-block-size=16777216"
    "memorysetup-gfx-main-allocator-block-size=16777216"
    "memorysetup-gfx-thread-allocator-block-size=16777216"
    "memorysetup-cache-allocator-block-size=4194304"
    "memorysetup-typetree-allocator-block-size=2097152"
    "memorysetup-profiler-bucket-allocator-granularity=16"
    "memorysetup-profiler-bucket-allocator-bucket-count=8"
    "memorysetup-profiler-bucket-allocator-block-size=33554432"
    "memorysetup-profiler-bucket-allocator-block-count=8"
    "memorysetup-profiler-allocator-block-size=16777216"
    "memorysetup-profiler-editor-allocator-block-size=1048576"
    "memorysetup-temp-allocator-size-main=16777216"
    "memorysetup-job-temp-allocator-block-size=2097152"
    "memorysetup-job-temp-allocator-block-size-background=1048576"
    "memorysetup-job-temp-allocator-reduction-small-platforms=262144"
    "memorysetup-temp-allocator-size-background-worker=32768"
    "memorysetup-temp-allocator-size-job-worker=262144"
    "memorysetup-temp-allocator-size-preload-manager=33554432"
    "memorysetup-temp-allocator-size-nav-mesh-worker=65536"
    "memorysetup-temp-allocator-size-audio-worker=65536"
    "memorysetup-temp-allocator-size-cloud-worker=32768"
    "memorysetup-temp-allocator-size-gi-baking-worker=262144"
    "memorysetup-temp-allocator-size-gfx=262144"
Player connection [14136] Host "[IP] 192.168.31.107 [Port] 0 [Flags] 2 [Guid] 1871720840 [EditorId] 1871720840 [Version] 1048832 [Id] WindowsEditor(7,HOME-PC) [Debug] 1 [PackageName] WindowsEditor [ProjectName] Editor" joined multi-casting on [225.0.0.222:54997]...

Player connection [14136] Host "[IP] 192.168.31.107 [Port] 0 [Flags] 2 [Guid] 1871720840 [EditorId] 1871720840 [Version] 1048832 [Id] WindowsEditor(7,HOME-PC) [Debug] 1 [PackageName] WindowsEditor [ProjectName] Editor" joined alternative multi-casting on [225.0.0.222:34997]...

Refreshing native plugins compatible for Editor in 107.22 ms, found 4 plugins.
Preloading 0 native plugins for Editor in 0.00 ms.
Initialize engine version: 2021.3.20f1 (577897200b8b)
[Subsystems] Discovering subsystems at path E:/Programs/Unity/2021.3.20f1/Editor/Data/Resources/UnitySubsystems
[Subsystems] Discovering subsystems at path C:/Program Files/The Tank Adventures/Assets
GfxDevice: creating device client; threaded=0; jobified=0
Direct3D:
    Version:  Direct3D 11.0 [level 11.1]
    Renderer: NVIDIA GeForce GTX 1060 3GB (ID=0x1c02)
    Vendor:   NVIDIA
    VRAM:     2988 MB
    Driver:   30.0.15.1215
Initialize mono
Mono path[0] = 'E:/Programs/Unity/2021.3.20f1/Editor/Data/Managed'
Mono path[1] = 'E:/Programs/Unity/2021.3.20f1/Editor/Data/MonoBleedingEdge/lib/mono/unityjit-win32'
Mono config path = 'E:/Programs/Unity/2021.3.20f1/Editor/Data/MonoBleedingEdge/etc'
Using monoOptions --debugger-agent=transport=dt_socket,embedding=1,server=y,suspend=n,address=127.0.0.1:56396
Begin MonoManager ReloadAssembly
Registering precompiled unity dll's ...
Register platform support module: E:/Programs/Unity/2021.3.20f1/Editor/Data/PlaybackEngines/WebGLSupport/UnityEditor.WebGL.Extensions.dll
Register platform support module: E:/Programs/Unity/2021.3.20f1/Editor/Data/PlaybackEngines/AndroidPlayer/UnityEditor.Android.Extensions.dll
Register platform support module: E:/Programs/Unity/2021.3.20f1/Editor/Data/PlaybackEngines/WindowsStandaloneSupport/UnityEditor.WindowsStandalone.Extensions.dll
Registered in 0.003823 seconds.
Native extension for WindowsStandalone target not found
Native extension for Android target not found
Android Extension - Scanning For ADB Devices 238 ms
Native extension for WebGL target not found
Refreshing native plugins compatible for Editor in 102.86 ms, found 4 plugins.
Preloading 0 native plugins for Editor in 0.00 ms.
Mono: successfully reloaded assembly
- Completed reload, in  0.962 seconds
Domain Reload Profiling:
	ReloadAssembly (963ms)
		BeginReloadAssembly (88ms)
			ExecutionOrderSort (0ms)
			DisableScriptedObjects (0ms)
			BackupInstance (0ms)
			ReleaseScriptingObjects (0ms)
			CreateAndSetChildDomain (1ms)
		EndReloadAssembly (776ms)
			LoadAssemblies (87ms)
			RebuildTransferFunctionScriptingTraits (0ms)
			SetupTypeCache (114ms)
			ReleaseScriptCaches (0ms)
			RebuildScriptCaches (28ms)
			SetupLoadedEditorAssemblies (577ms)
				LogAssemblyErrors (0ms)
				InitializePlatformSupportModulesInManaged (327ms)
				SetLoadedEditorAssemblies (0ms)
				RefreshPlugins (103ms)
				BeforeProcessingInitializeOnLoad (1ms)
				ProcessInitializeOnLoadAttributes (100ms)
				ProcessInitializeOnLoadMethodAttributes (46ms)
				AfterProcessingInitializeOnLoad (0ms)
				EditorAssembliesLoaded (0ms)
			ExecutionOrderSort2 (0ms)
			AwakeInstancesAfterBackupRestoration (0ms)
Platform modules already initialized, skipping
Registering precompiled user dll's ...
Registered in 0.011760 seconds.
Begin MonoManager ReloadAssembly
Symbol file LoadedFromMemory doesn't match image C:\Program Files\The Tank Adventures\Library\PackageCache\com.unity.visualscripting@1.8.0\Editor\VisualScripting.Core\Dependencies\YamlDotNet\Unity.VisualScripting.YamlDotNet.dll
Symbol file LoadedFromMemory doesn't match image C:\Program Files\The Tank Adventures\Library\PackageCache\com.unity.visualscripting@1.8.0\Editor\VisualScripting.Core\Dependencies\DotNetZip\Unity.VisualScripting.IonicZip.dll
Native extension for WindowsStandalone target not found
Native extension for Android target not found
Native extension for WebGL target not found
Refreshing native plugins compatible for Editor in 100.55 ms, found 4 plugins.
Preloading 0 native plugins for Editor in 0.00 ms.
Mono: successfully reloaded assembly
- Completed reload, in  1.239 seconds
Domain Reload Profiling:
	ReloadAssembly (1239ms)
		BeginReloadAssembly (122ms)
			ExecutionOrderSort (0ms)
			DisableScriptedObjects (7ms)
			BackupInstance (0ms)
			ReleaseScriptingObjects (0ms)
			CreateAndSetChildDomain (20ms)
		EndReloadAssembly (997ms)
			LoadAssemblies (99ms)
			RebuildTransferFunctionScriptingTraits (0ms)
			SetupTypeCache (257ms)
			ReleaseScriptCaches (1ms)
			RebuildScriptCaches (62ms)
			SetupLoadedEditorAssemblies (503ms)
				LogAssemblyErrors (0ms)
				InitializePlatformSupportModulesInManaged (20ms)
				SetLoadedEditorAssemblies (0ms)
				RefreshPlugins (101ms)
				BeforeProcessingInitializeOnLoad (97ms)
				ProcessInitializeOnLoadAttributes (240ms)
				ProcessInitializeOnLoadMethodAttributes (42ms)
				AfterProcessingInitializeOnLoad (3ms)
				EditorAssembliesLoaded (0ms)
			ExecutionOrderSort2 (0ms)
			AwakeInstancesAfterBackupRestoration (6ms)
Platform modules already initialized, skipping
========================================================================
Worker process is ready to serve import requests
Launched and connected shader compiler UnityShaderCompiler.exe after 0.04 seconds
Refreshing native plugins compatible for Editor in 0.83 ms, found 4 plugins.
Preloading 0 native plugins for Editor in 0.00 ms.
Unloading 3762 Unused Serialized files (Serialized files now loaded: 0)
Unloading 41 unused Assets / (228.8 KB). Loaded Objects now: 4219.
Memory consumption went from 143.5 MB to 143.3 MB.
Total: 3.685900 ms (FindLiveObjects: 0.366000 ms CreateObjectMapping: 0.096400 ms MarkObjects: 3.051000 ms  DeleteObjects: 0.171600 ms)

AssetImportParameters requested are different than current active one (requested -> active):
  custom:video-decoder-ogg-theora: a1e56fd34408186e4bbccfd4996cb3dc -> 
  custom:container-muxer-webm: aa71ff27fc2769a1b78a27578f13a17b -> 
  custom:container-demuxer-webm: 4f35f7cbe854078d1ac9338744f61a02 -> 
  custom:video-encoder-webm-vp8: eb34c28f22e8b96e1ab97ce403110664 -> 
  custom:audio-encoder-webm-vorbis: bf7c407c2cedff20999df2af8eb42d56 -> 
  custom:framework-win-MediaFoundation: 216162199b28c13a410421893ffa2e32 -> 
  custom:container-demuxer-ogg: 62fdf1f143b41e24485cea50d1cbac27 -> 
  custom:video-decoder-webm-vp8: 9c59270c3fd7afecdb556c50c9e8de78 -> 
  custom:audio-decoder-ogg-vorbis: bf7c407c2cedff20999df2af8eb42d56 -> 
========================================================================
Received Import Request.
  Time since last request: 22876.819768 seconds.
  path: Assets/Prefabs/PatrolingEnemy.prefab
  artifactKey: Guid(4f3a75b4cf243374b8d2555f6b827e9e) Importer(815301076,1909f56bfc062723c751e8b465ee728b)
Start importing Assets/Prefabs/PatrolingEnemy.prefab using Guid(4f3a75b4cf243374b8d2555f6b827e9e) Importer(815301076,1909f56bfc062723c751e8b465ee728b)  -> (artifact id: '1bdee26ea3e4a556b694f264b0d0fb32') in 0.170989 seconds 
========================================================================
Received Prepare
Registering precompiled user dll's ...
Registered in 0.011297 seconds.
Begin MonoManager ReloadAssembly
Symbol file LoadedFromMemory doesn't match image C:\Program Files\The Tank Adventures\Library\PackageCache\com.unity.visualscripting@1.8.0\Editor\VisualScripting.Core\Dependencies\YamlDotNet\Unity.VisualScripting.YamlDotNet.dll
Symbol file LoadedFromMemory doesn't match image C:\Program Files\The Tank Adventures\Library\PackageCache\com.unity.visualscripting@1.8.0\Editor\VisualScripting.Core\Dependencies\DotNetZip\Unity.VisualScripting.IonicZip.dll
Native extension for WindowsStandalone target not found
Native extension for Android target not found
Native extension for WebGL target not found
Refreshing native plugins compatible for Editor in 1.04 ms, found 4 plugins.
Preloading 0 native plugins for Editor in 0.00 ms.
Mono: successfully reloaded assembly
- Completed reload, in  1.230 seconds
Domain Reload Profiling:
	ReloadAssembly (1231ms)
		BeginReloadAssembly (157ms)
			ExecutionOrderSort (0ms)
			DisableScriptedObjects (10ms)
			BackupInstance (0ms)
			ReleaseScriptingObjects (0ms)
			CreateAndSetChildDomain (47ms)
		EndReloadAssembly (956ms)
			LoadAssemblies (103ms)
			RebuildTransferFunctionScriptingTraits (0ms)
			SetupTypeCache (312ms)
			ReleaseScriptCaches (2ms)
			RebuildScriptCaches (59ms)
			SetupLoadedEditorAssemblies (390ms)
				LogAssemblyErrors (0ms)
				InitializePlatformSupportModulesInManaged (24ms)
				SetLoadedEditorAssemblies (1ms)
				RefreshPlugins (1ms)
				BeforeProcessingInitializeOnLoad (86ms)
				ProcessInitializeOnLoadAttributes (232ms)
				ProcessInitializeOnLoadMethodAttributes (43ms)
				AfterProcessingInitializeOnLoad (4ms)
				EditorAssembliesLoaded (0ms)
			ExecutionOrderSort2 (0ms)
			AwakeInstancesAfterBackupRestoration (9ms)
Platform modules already initialized, skipping
Refreshing native plugins compatible for Editor in 3.43 ms, found 4 plugins.
Preloading 0 native plugins for Editor in 0.00 ms.
Unloading 3757 Unused Serialized files (Serialized files now loaded: 0)
Unloading 30 unused Assets / (196.3 KB). Loaded Objects now: 4231.
Memory consumption went from 147.6 MB to 147.4 MB.
Total: 4.953800 ms (FindLiveObjects: 0.435700 ms CreateObjectMapping: 0.095200 ms MarkObjects: 4.211700 ms  DeleteObjects: 0.209800 ms)

AssetImportParameters requested are different than current active one (requested -> active):
  custom:video-decoder-ogg-theora: a1e56fd34408186e4bbccfd4996cb3dc -> 
  custom:container-muxer-webm: aa71ff27fc2769a1b78a27578f13a17b -> 
  custom:container-demuxer-webm: 4f35f7cbe854078d1ac9338744f61a02 -> 
  custom:video-encoder-webm-vp8: eb34c28f22e8b96e1ab97ce403110664 -> 
  custom:audio-encoder-webm-vorbis: bf7c407c2cedff20999df2af8eb42d56 -> 
  custom:framework-win-MediaFoundation: 216162199b28c13a410421893ffa2e32 -> 
  custom:container-demuxer-ogg: 62fdf1f143b41e24485cea50d1cbac27 -> 
  custom:video-decoder-webm-vp8: 9c59270c3fd7afecdb556c50c9e8de78 -> 
  custom:audio-decoder-ogg-vorbis: bf7c407c2cedff20999df2af8eb42d56 -> 
========================================================================
Received Import Request.
  Time since last request: 597.565787 seconds.
  path: Assets/Prefabs/PatrolingEnemy.prefab
  artifactKey: Guid(4f3a75b4cf243374b8d2555f6b827e9e) Importer(815301076,1909f56bfc062723c751e8b465ee728b)
Start importing Assets/Prefabs/PatrolingEnemy.prefab using Guid(4f3a75b4cf243374b8d2555f6b827e9e) Importer(815301076,1909f56bfc062723c751e8b465ee728b)  -> (artifact id: 'ff30f8a36871d63fda81110fe1db61aa') in 0.124311 seconds 
========================================================================
Received Import Request.
  Time since last request: 11.549710 seconds.
  path: Assets/Prefabs/Player.prefab
  artifactKey: Guid(2a5ffbd69644f304ab04d668a2c0ada5) Importer(815301076,1909f56bfc062723c751e8b465ee728b)
Start importing Assets/Prefabs/Player.prefab using Guid(2a5ffbd69644f304ab04d668a2c0ada5) Importer(815301076,1909f56bfc062723c751e8b465ee728b)  -> (artifact id: 'e51b40ca2c148a46cd7e61a3a61b07b9') in 0.028872 seconds 
========================================================================
Received Import Request.
  Time since last request: 0.000027 seconds.
  path: Assets/Prefabs/Tank.prefab
  artifactKey: Guid(660aec605ace8a74198920f23637eb8d) Importer(815301076,1909f56bfc062723c751e8b465ee728b)
Start importing Assets/Prefabs/Tank.prefab using Guid(660aec605ace8a74198920f23637eb8d) Importer(815301076,1909f56bfc062723c751e8b465ee728b)  -> (artifact id: '98209fe1d39552d11aa96a5cd8aff3d5') in 0.027059 seconds 
========================================================================
Received Import Request.
  Time since last request: 11.393154 seconds.
  path: Assets/Prefabs/Player.prefab
  artifactKey: Guid(2a5ffbd69644f304ab04d668a2c0ada5) Importer(815301076,1909f56bfc062723c751e8b465ee728b)
Start importing Assets/Prefabs/Player.prefab using Guid(2a5ffbd69644f304ab04d668a2c0ada5) Importer(815301076,1909f56bfc062723c751e8b465ee728b)  -> (artifact id: '0a6744a23fddaafd91313aa246f62798') in 0.029551 seconds 
========================================================================
Received Import Request.
  Time since last request: 0.000026 seconds.
  path: Assets/Prefabs/Tank.prefab
  artifactKey: Guid(660aec605ace8a74198920f23637eb8d) Importer(815301076,1909f56bfc062723c751e8b465ee728b)
Start importing Assets/Prefabs/Tank.prefab using Guid(660aec605ace8a74198920f23637eb8d) Importer(815301076,1909f56bfc062723c751e8b465ee728b)  -> (artifact id: '983873f8ef9529773815f86b99d66dfc') in 0.025467 seconds 
========================================================================
Received Import Request.
  Time since last request: 7.782892 seconds.
  path: Assets/Prefabs/Player.prefab
  artifactKey: Guid(2a5ffbd69644f304ab04d668a2c0ada5) Importer(815301076,1909f56bfc062723c751e8b465ee728b)
Start importing Assets/Prefabs/Player.prefab using Guid(2a5ffbd69644f304ab04d668a2c0ada5) Importer(815301076,1909f56bfc062723c751e8b465ee728b)  -> (artifact id: '52d9b74802b6af84d18ac6400374c538') in 0.028887 seconds 
========================================================================
Received Import Request.
  Time since last request: 0.000026 seconds.
  path: Assets/Prefabs/Tank.prefab
  artifactKey: Guid(660aec605ace8a74198920f23637eb8d) Importer(815301076,1909f56bfc062723c751e8b465ee728b)
Start importing Assets/Prefabs/Tank.prefab using Guid(660aec605ace8a74198920f23637eb8d) Importer(815301076,1909f56bfc062723c751e8b465ee728b)  -> (artifact id: '1a959055561ac1db636e858a474afc62') in 0.025099 seconds 
========================================================================
Received Import Request.
  Time since last request: 10.849735 seconds.
  path: Assets/Prefabs/Player.prefab
  artifactKey: Guid(2a5ffbd69644f304ab04d668a2c0ada5) Importer(815301076,1909f56bfc062723c751e8b465ee728b)
Start importing Assets/Prefabs/Player.prefab using Guid(2a5ffbd69644f304ab04d668a2c0ada5) Importer(815301076,1909f56bfc062723c751e8b465ee728b)  -> (artifact id: 'e0a6551f261d51004c3e26818374f8f4') in 0.031058 seconds 
========================================================================
Received Import Request.
  Time since last request: 0.000025 seconds.
  path: Assets/Prefabs/Tank.prefab
  artifactKey: Guid(660aec605ace8a74198920f23637eb8d) Importer(815301076,1909f56bfc062723c751e8b465ee728b)
Start importing Assets/Prefabs/Tank.prefab using Guid(660aec605ace8a74198920f23637eb8d) Importer(815301076,1909f56bfc062723c751e8b465ee728b)  -> (artifact id: 'ab8a14c7971d9a67df6667fa5801836e') in 0.027833 seconds 
========================================================================
Received Import Request.
  Time since last request: 14.199641 seconds.
  path: Assets/Prefabs/Player.prefab
  artifactKey: Guid(2a5ffbd69644f304ab04d668a2c0ada5) Importer(815301076,1909f56bfc062723c751e8b465ee728b)
Start importing Assets/Prefabs/Player.prefab using Guid(2a5ffbd69644f304ab04d668a2c0ada5) Importer(815301076,1909f56bfc062723c751e8b465ee728b)  -> (artifact id: '29aaf67c0e6ea245db8eec5f2224cbde') in 0.030601 seconds 
========================================================================
Received Import Request.
  Time since last request: 0.000030 seconds.
  path: Assets/Prefabs/Tank.prefab
  artifactKey: Guid(660aec605ace8a74198920f23637eb8d) Importer(815301076,1909f56bfc062723c751e8b465ee728b)
Start importing Assets/Prefabs/Tank.prefab using Guid(660aec605ace8a74198920f23637eb8d) Importer(815301076,1909f56bfc062723c751e8b465ee728b)  -> (artifact id: '5a98d5f7aed612d9342ad5456c433118') in 0.026818 seconds 
========================================================================
Received Import Request.
  Time since last request: 42.569558 seconds.
  path: Assets/Sprites/Kenny Topdown Tanks Redux/PNG/Retina/tileGrass_transitionW.png
  artifactKey: Guid(fb7d3849b5a33514bb939aff840af002) Importer(815301076,1909f56bfc062723c751e8b465ee728b)
Start importing Assets/Sprites/Kenny Topdown Tanks Redux/PNG/Retina/tileGrass_transitionW.png using Guid(fb7d3849b5a33514bb939aff840af002) Importer(815301076,1909f56bfc062723c751e8b465ee728b)  -> (artifact id: '06a1cfbb287479205940e67f83214d56') in 0.040439 seconds 
========================================================================
Received Import Request.
  Time since last request: 0.000026 seconds.
  path: Assets/Sprites/Kenny Topdown Tanks Redux/PNG/Retina/tracksDouble.png
  artifactKey: Guid(8f23081a004324444aeaa8a8bce80b01) Importer(815301076,1909f56bfc062723c751e8b465ee728b)
Start importing Assets/Sprites/Kenny Topdown Tanks Redux/PNG/Retina/tracksDouble.png using Guid(8f23081a004324444aeaa8a8bce80b01) Importer(815301076,1909f56bfc062723c751e8b465ee728b)  -> (artifact id: 'c96c94767eed34cda8ed2fdb59c78baa') in 0.033108 seconds 
========================================================================
Received Import Request.
  Time since last request: 0.000033 seconds.
  path: Assets/Sprites/Kenny Topdown Tanks Redux/PNG/Retina/tracksSmallSingle.png
  artifactKey: Guid(004bdee4619a7f94f9357eeb05e5ef93) Importer(815301076,1909f56bfc062723c751e8b465ee728b)
Start importing Assets/Sprites/Kenny Topdown Tanks Redux/PNG/Retina/tracksSmallSingle.png using Guid(004bdee4619a7f94f9357eeb05e5ef93) Importer(815301076,1909f56bfc062723c751e8b465ee728b)  -> (artifact id: '6ec61faaa6d1fe59142b69893db66e5c') in 0.026328 seconds 
========================================================================
Received Import Request.
  Time since last request: 2.870967 seconds.
  path: Assets/Prefabs/Player.prefab
  artifactKey: Guid(2a5ffbd69644f304ab04d668a2c0ada5) Importer(815301076,1909f56bfc062723c751e8b465ee728b)
Start importing Assets/Prefabs/Player.prefab using Guid(2a5ffbd69644f304ab04d668a2c0ada5) Importer(815301076,1909f56bfc062723c751e8b465ee728b)  -> (artifact id: '178362f001cbfe4bfed06759474df5dc') in 0.026003 seconds 
========================================================================
Received Import Request.
  Time since last request: 0.000025 seconds.
  path: Assets/Prefabs/StaticEnemy.prefab
  artifactKey: Guid(4cfefcd12f676b14fbe6cceac87de7b8) Importer(815301076,1909f56bfc062723c751e8b465ee728b)
Start importing Assets/Prefabs/StaticEnemy.prefab using Guid(4cfefcd12f676b14fbe6cceac87de7b8) Importer(815301076,1909f56bfc062723c751e8b465ee728b)  -> (artifact id: 'd19cc832c18b3e34289553298cb53b1f') in 0.036341 seconds 
========================================================================
Received Import Request.
  Time since last request: 19.129796 seconds.
  path: Assets/Prefabs/Player.prefab
  artifactKey: Guid(2a5ffbd69644f304ab04d668a2c0ada5) Importer(815301076,1909f56bfc062723c751e8b465ee728b)
Start importing Assets/Prefabs/Player.prefab using Guid(2a5ffbd69644f304ab04d668a2c0ada5) Importer(815301076,1909f56bfc062723c751e8b465ee728b)  -> (artifact id: '23af1246e9e0e08f556985d00395b68e') in 0.031147 seconds 
========================================================================
Received Import Request.
  Time since last request: 0.000031 seconds.
  path: Assets/Prefabs/Tank.prefab
  artifactKey: Guid(660aec605ace8a74198920f23637eb8d) Importer(815301076,1909f56bfc062723c751e8b465ee728b)
Start importing Assets/Prefabs/Tank.prefab using Guid(660aec605ace8a74198920f23637eb8d) Importer(815301076,1909f56bfc062723c751e8b465ee728b)  -> (artifact id: 'c7aa134f69a4f124c9530004e2716147') in 0.025689 seconds 
========================================================================
Received Import Request.
  Time since last request: 4.043720 seconds.
  path: Assets/Prefabs/Player.prefab
  artifactKey: Guid(2a5ffbd69644f304ab04d668a2c0ada5) Importer(815301076,1909f56bfc062723c751e8b465ee728b)
Start importing Assets/Prefabs/Player.prefab using Guid(2a5ffbd69644f304ab04d668a2c0ada5) Importer(815301076,1909f56bfc062723c751e8b465ee728b)  -> (artifact id: 'a695ad56392da2184503d5f79d9f64e4') in 0.031681 seconds 
========================================================================
Received Import Request.
  Time since last request: 0.000021 seconds.
  path: Assets/Prefabs/Tank.prefab
  artifactKey: Guid(660aec605ace8a74198920f23637eb8d) Importer(815301076,1909f56bfc062723c751e8b465ee728b)
Start importing Assets/Prefabs/Tank.prefab using Guid(660aec605ace8a74198920f23637eb8d) Importer(815301076,1909f56bfc062723c751e8b465ee728b)  -> (artifact id: '6eca102ae591bfc8dfd33a5854c75e8d') in 0.027231 seconds 
========================================================================
Received Import Request.
  Time since last request: 164.460074 seconds.
  path: Assets/Prefabs/PatrolingEnemy.prefab
  artifactKey: Guid(4f3a75b4cf243374b8d2555f6b827e9e) Importer(815301076,1909f56bfc062723c751e8b465ee728b)
Start importing Assets/Prefabs/PatrolingEnemy.prefab using Guid(4f3a75b4cf243374b8d2555f6b827e9e) Importer(815301076,1909f56bfc062723c751e8b465ee728b)  -> (artifact id: 'e3fe48dd1d0af41ccd8f81c9c6d35e71') in 0.034607 seconds 
========================================================================
Received Import Request.
  Time since last request: 0.000030 seconds.
  path: Assets/Prefabs/StaticEnemy.prefab
  artifactKey: Guid(4cfefcd12f676b14fbe6cceac87de7b8) Importer(815301076,1909f56bfc062723c751e8b465ee728b)
Start importing Assets/Prefabs/StaticEnemy.prefab using Guid(4cfefcd12f676b14fbe6cceac87de7b8) Importer(815301076,1909f56bfc062723c751e8b465ee728b)  -> (artifact id: '7b1fa1eea64ab7c1f11052d9ed41c1e6') in 0.031729 seconds 
========================================================================
Received Import Request.
  Time since last request: 3.796915 seconds.
  path: Assets/Prefabs/PatrolingEnemy.prefab
  artifactKey: Guid(4f3a75b4cf243374b8d2555f6b827e9e) Importer(815301076,1909f56bfc062723c751e8b465ee728b)
Start importing Assets/Prefabs/PatrolingEnemy.prefab using Guid(4f3a75b4cf243374b8d2555f6b827e9e) Importer(815301076,1909f56bfc062723c751e8b465ee728b)  -> (artifact id: 'b14352f8852c0454c8dc9a8841b0ccc2') in 0.035550 seconds 
========================================================================
Received Import Request.
  Time since last request: 0.000031 seconds.
  path: Assets/Prefabs/StaticEnemy.prefab
  artifactKey: Guid(4cfefcd12f676b14fbe6cceac87de7b8) Importer(815301076,1909f56bfc062723c751e8b465ee728b)
Start importing Assets/Prefabs/StaticEnemy.prefab using Guid(4cfefcd12f676b14fbe6cceac87de7b8) Importer(815301076,1909f56bfc062723c751e8b465ee728b)  -> (artifact id: '5fea1ab993c812e10776f28af66d93b4') in 0.036096 seconds 
========================================================================
Received Import Request.
  Time since last request: 11.980855 seconds.
  path: Assets/Prefabs/PatrolingEnemy.prefab
  artifactKey: Guid(4f3a75b4cf243374b8d2555f6b827e9e) Importer(815301076,1909f56bfc062723c751e8b465ee728b)
Start importing Assets/Prefabs/PatrolingEnemy.prefab using Guid(4f3a75b4cf243374b8d2555f6b827e9e) Importer(815301076,1909f56bfc062723c751e8b465ee728b)  -> (artifact id: 'fef9c575b3d7f13976a7c6c1e7e22b2c') in 0.036522 seconds 
========================================================================
Received Import Request.
  Time since last request: 0.000021 seconds.
  path: Assets/Prefabs/Tank.prefab
  artifactKey: Guid(660aec605ace8a74198920f23637eb8d) Importer(815301076,1909f56bfc062723c751e8b465ee728b)
Start importing Assets/Prefabs/Tank.prefab using Guid(660aec605ace8a74198920f23637eb8d) Importer(815301076,1909f56bfc062723c751e8b465ee728b)  -> (artifact id: 'e134e0827208e04d08ea034ab32ce6ad') in 0.028076 seconds 
========================================================================
Received Prepare
Registering precompiled user dll's ...
Registered in 0.011779 seconds.
Begin MonoManager ReloadAssembly
Symbol file LoadedFromMemory doesn't match image C:\Program Files\The Tank Adventures\Library\PackageCache\com.unity.visualscripting@1.8.0\Editor\VisualScripting.Core\Dependencies\YamlDotNet\Unity.VisualScripting.YamlDotNet.dll
Symbol file LoadedFromMemory doesn't match image C:\Program Files\The Tank Adventures\Library\PackageCache\com.unity.visualscripting@1.8.0\Editor\VisualScripting.Core\Dependencies\DotNetZip\Unity.VisualScripting.IonicZip.dll
Native extension for WindowsStandalone target not found
Native extension for Android target not found
Native extension for WebGL target not found
Refreshing native plugins compatible for Editor in 1.08 ms, found 4 plugins.
Preloading 0 native plugins for Editor in 0.00 ms.
Mono: successfully reloaded assembly
- Completed reload, in  1.191 seconds
Domain Reload Profiling:
	ReloadAssembly (1192ms)
		BeginReloadAssembly (152ms)
			ExecutionOrderSort (0ms)
			DisableScriptedObjects (8ms)
			BackupInstance (0ms)
			ReleaseScriptingObjects (0ms)
			CreateAndSetChildDomain (39ms)
		EndReloadAssembly (922ms)
			LoadAssemblies (114ms)
			RebuildTransferFunctionScriptingTraits (0ms)
			SetupTypeCache (293ms)
			ReleaseScriptCaches (2ms)
			RebuildScriptCaches (57ms)
			SetupLoadedEditorAssemblies (385ms)
				LogAssemblyErrors (0ms)
				InitializePlatformSupportModulesInManaged (21ms)
				SetLoadedEditorAssemblies (1ms)
				RefreshPlugins (1ms)
				BeforeProcessingInitializeOnLoad (82ms)
				ProcessInitializeOnLoadAttributes (236ms)
				ProcessInitializeOnLoadMethodAttributes (42ms)
				AfterProcessingInitializeOnLoad (4ms)
				EditorAssembliesLoaded (0ms)
			ExecutionOrderSort2 (0ms)
			AwakeInstancesAfterBackupRestoration (10ms)
Platform modules already initialized, skipping
Refreshing native plugins compatible for Editor in 3.92 ms, found 4 plugins.
Preloading 0 native plugins for Editor in 0.00 ms.
Unloading 3757 Unused Serialized files (Serialized files now loaded: 0)
Unloading 30 unused Assets / (196.3 KB). Loaded Objects now: 4240.
Memory consumption went from 147.6 MB to 147.4 MB.
Total: 5.456000 ms (FindLiveObjects: 0.372000 ms CreateObjectMapping: 0.116500 ms MarkObjects: 4.705900 ms  DeleteObjects: 0.260000 ms)

AssetImportParameters requested are different than current active one (requested -> active):
  custom:video-decoder-ogg-theora: a1e56fd34408186e4bbccfd4996cb3dc -> 
  custom:container-muxer-webm: aa71ff27fc2769a1b78a27578f13a17b -> 
  custom:container-demuxer-webm: 4f35f7cbe854078d1ac9338744f61a02 -> 
  custom:video-encoder-webm-vp8: eb34c28f22e8b96e1ab97ce403110664 -> 
  custom:audio-encoder-webm-vorbis: bf7c407c2cedff20999df2af8eb42d56 -> 
  custom:framework-win-MediaFoundation: 216162199b28c13a410421893ffa2e32 -> 
  custom:container-demuxer-ogg: 62fdf1f143b41e24485cea50d1cbac27 -> 
  custom:video-decoder-webm-vp8: 9c59270c3fd7afecdb556c50c9e8de78 -> 
  custom:audio-decoder-ogg-vorbis: bf7c407c2cedff20999df2af8eb42d56 -> 
========================================================================
Received Import Request.
  Time since last request: 55.303224 seconds.
  path: Assets/Prefabs/Player.prefab
  artifactKey: Guid(2a5ffbd69644f304ab04d668a2c0ada5) Importer(815301076,1909f56bfc062723c751e8b465ee728b)
Start importing Assets/Prefabs/Player.prefab using Guid(2a5ffbd69644f304ab04d668a2c0ada5) Importer(815301076,1909f56bfc062723c751e8b465ee728b)  -> (artifact id: '78f2c67c359cbde22ed70a36cab88e16') in 0.093559 seconds 
========================================================================
Received Import Request.
  Time since last request: 94.285509 seconds.
  path: Assets/Prefabs/Enemy Tank Variant.prefab
  artifactKey: Guid(2efbc533f6de9f146be3f86d6883cebc) Importer(815301076,1909f56bfc062723c751e8b465ee728b)
Start importing Assets/Prefabs/Enemy Tank Variant.prefab using Guid(2efbc533f6de9f146be3f86d6883cebc) Importer(815301076,1909f56bfc062723c751e8b465ee728b)  -> (artifact id: 'b246cfc15d0d359e031939b25452d843') in 0.035365 seconds 
========================================================================
Received Import Request.
  Time since last request: 0.000040 seconds.
  path: Assets/Prefabs/Player.prefab
  artifactKey: Guid(2a5ffbd69644f304ab04d668a2c0ada5) Importer(815301076,1909f56bfc062723c751e8b465ee728b)
Start importing Assets/Prefabs/Player.prefab using Guid(2a5ffbd69644f304ab04d668a2c0ada5) Importer(815301076,1909f56bfc062723c751e8b465ee728b)  -> (artifact id: '2805ae6dd2570c48d166b41e1a3b825a') in 0.033427 seconds 
========================================================================
Received Import Request.
  Time since last request: 0.000027 seconds.
  path: Assets/Prefabs/StaticEnemy.prefab
  artifactKey: Guid(4cfefcd12f676b14fbe6cceac87de7b8) Importer(815301076,1909f56bfc062723c751e8b465ee728b)
Start importing Assets/Prefabs/StaticEnemy.prefab using Guid(4cfefcd12f676b14fbe6cceac87de7b8) Importer(815301076,1909f56bfc062723c751e8b465ee728b)  -> (artifact id: 'fff2cb194034d6baecf264dc3f116ede') in 0.043900 seconds 
========================================================================
Received Import Request.
  Time since last request: 0.000031 seconds.
  path: Assets/Prefabs/Tank.prefab
  artifactKey: Guid(660aec605ace8a74198920f23637eb8d) Importer(815301076,1909f56bfc062723c751e8b465ee728b)
Start importing Assets/Prefabs/Tank.prefab using Guid(660aec605ace8a74198920f23637eb8d) Importer(815301076,1909f56bfc062723c751e8b465ee728b)  -> (artifact id: '3091ce97d29e4f9f92d5fa12825a2b6b') in 0.026442 seconds 
========================================================================
Received Import Request.
  Time since last request: 8.669988 seconds.
  path: Assets/Prefabs/Enemy Tank Variant.prefab
  artifactKey: Guid(2efbc533f6de9f146be3f86d6883cebc) Importer(815301076,1909f56bfc062723c751e8b465ee728b)
Start importing Assets/Prefabs/Enemy Tank Variant.prefab using Guid(2efbc533f6de9f146be3f86d6883cebc) Importer(815301076,1909f56bfc062723c751e8b465ee728b)  -> (artifact id: 'c4c22d493d132eb104ea032083163ee5') in 0.029979 seconds 
========================================================================
Received Import Request.
  Time since last request: 0.000024 seconds.
  path: Assets/Prefabs/StaticEnemy.prefab
  artifactKey: Guid(4cfefcd12f676b14fbe6cceac87de7b8) Importer(815301076,1909f56bfc062723c751e8b465ee728b)
Start importing Assets/Prefabs/StaticEnemy.prefab using Guid(4cfefcd12f676b14fbe6cceac87de7b8) Importer(815301076,1909f56bfc062723c751e8b465ee728b)  -> (artifact id: '3947417aed00ac3578f6f5de8679f8fc') in 0.033934 seconds 
Editor requested this worker to shutdown with reason: Scaling down because of idle timeout
AssetImportWorker is now disconnected from the server
Process exiting
Exiting without the bug reporter. Application will terminate with return code 0