Using pre-set license
Built from '2021.3/staging' branch; Version is '2021.3.20f1 (577897200b8b) revision 5732503'; Using compiler version '192829333'; Build Type 'Release'
OS: 'Windows 11  (10.0.22000) 64bit Professional' Language: 'ru' Physical Memory: 16315 MB
BatchMode: 1, IsHumanControllingUs: 0, StartBugReporterOnCrash: 0, Is64bit: 1, IsPro: 1

COMMAND LINE ARGUMENTS:
E:\Programs\Unity\2021.3.20f1\Editor\Unity.exe
-adb2
-batchMode
-noUpm
-name
AssetImportWorker1
-projectPath
C:/Program Files/The Tank Adventures
-logFile
Logs/AssetImportWorker1.log
-srvPort
50092
Successfully changed project path to: C:/Program Files/The Tank Adventures
C:/Program Files/The Tank Adventures
[UnityMemory] Configuration Parameters - Can be set up in boot.config
    "memorysetup-bucket-allocator-granularity=16"
    "memorysetup-bucket-allocator-bucket-count=8"
    "memorysetup-bucket-allocator-block-size=33554432"
    "memorysetup-bucket-allocator-block-count=8"
    "memorysetup-main-allocator-block-size=16777216"
    "memorysetup-thread-allocator-block-size=16777216"
    "memorysetup-gfx-main-allocator-block-size=16777216"
    "memorysetup-gfx-thread-allocator-block-size=16777216"
    "memorysetup-cache-allocator-block-size=4194304"
    "memorysetup-typetree-allocator-block-size=2097152"
    "memorysetup-profiler-bucket-allocator-granularity=16"
    "memorysetup-profiler-bucket-allocator-bucket-count=8"
    "memorysetup-profiler-bucket-allocator-block-size=33554432"
    "memorysetup-profiler-bucket-allocator-block-count=8"
    "memorysetup-profiler-allocator-block-size=16777216"
    "memorysetup-profiler-editor-allocator-block-size=1048576"
    "memorysetup-temp-allocator-size-main=16777216"
    "memorysetup-job-temp-allocator-block-size=2097152"
    "memorysetup-job-temp-allocator-block-size-background=1048576"
    "memorysetup-job-temp-allocator-reduction-small-platforms=262144"
    "memorysetup-temp-allocator-size-background-worker=32768"
    "memorysetup-temp-allocator-size-job-worker=262144"
    "memorysetup-temp-allocator-size-preload-manager=33554432"
    "memorysetup-temp-allocator-size-nav-mesh-worker=65536"
    "memorysetup-temp-allocator-size-audio-worker=65536"
    "memorysetup-temp-allocator-size-cloud-worker=32768"
    "memorysetup-temp-allocator-size-gi-baking-worker=262144"
    "memorysetup-temp-allocator-size-gfx=262144"
Player connection [10544] Host "[IP] 192.168.31.107 [Port] 0 [Flags] 2 [Guid] 1505063038 [EditorId] 1505063038 [Version] 1048832 [Id] WindowsEditor(7,HOME-PC) [Debug] 1 [PackageName] WindowsEditor [ProjectName] Editor" joined multi-casting on [225.0.0.222:54997]...

Player connection [10544] Host "[IP] 192.168.31.107 [Port] 0 [Flags] 2 [Guid] 1505063038 [EditorId] 1505063038 [Version] 1048832 [Id] WindowsEditor(7,HOME-PC) [Debug] 1 [PackageName] WindowsEditor [ProjectName] Editor" joined alternative multi-casting on [225.0.0.222:34997]...

Refreshing native plugins compatible for Editor in 105.58 ms, found 4 plugins.
Preloading 0 native plugins for Editor in 0.00 ms.
Initialize engine version: 2021.3.20f1 (577897200b8b)
[Subsystems] Discovering subsystems at path E:/Programs/Unity/2021.3.20f1/Editor/Data/Resources/UnitySubsystems
[Subsystems] Discovering subsystems at path C:/Program Files/The Tank Adventures/Assets
GfxDevice: creating device client; threaded=0; jobified=0
Direct3D:
    Version:  Direct3D 11.0 [level 11.1]
    Renderer: NVIDIA GeForce GTX 1060 3GB (ID=0x1c02)
    Vendor:   NVIDIA
    VRAM:     2988 MB
    Driver:   30.0.15.1215
Initialize mono
Mono path[0] = 'E:/Programs/Unity/2021.3.20f1/Editor/Data/Managed'
Mono path[1] = 'E:/Programs/Unity/2021.3.20f1/Editor/Data/MonoBleedingEdge/lib/mono/unityjit-win32'
Mono config path = 'E:/Programs/Unity/2021.3.20f1/Editor/Data/MonoBleedingEdge/etc'
Using monoOptions --debugger-agent=transport=dt_socket,embedding=1,server=y,suspend=n,address=127.0.0.1:56932
Begin MonoManager ReloadAssembly
Registering precompiled unity dll's ...
Register platform support module: E:/Programs/Unity/2021.3.20f1/Editor/Data/PlaybackEngines/WebGLSupport/UnityEditor.WebGL.Extensions.dll
Register platform support module: E:/Programs/Unity/2021.3.20f1/Editor/Data/PlaybackEngines/AndroidPlayer/UnityEditor.Android.Extensions.dll
Register platform support module: E:/Programs/Unity/2021.3.20f1/Editor/Data/PlaybackEngines/WindowsStandaloneSupport/UnityEditor.WindowsStandalone.Extensions.dll
Registered in 0.003819 seconds.
Native extension for WindowsStandalone target not found
Native extension for Android target not found
Android Extension - Scanning For ADB Devices 238 ms
Native extension for WebGL target not found
Refreshing native plugins compatible for Editor in 107.35 ms, found 4 plugins.
Preloading 0 native plugins for Editor in 0.00 ms.
Mono: successfully reloaded assembly
- Completed reload, in  0.981 seconds
Domain Reload Profiling:
	ReloadAssembly (981ms)
		BeginReloadAssembly (88ms)
			ExecutionOrderSort (0ms)
			DisableScriptedObjects (0ms)
			BackupInstance (0ms)
			ReleaseScriptingObjects (0ms)
			CreateAndSetChildDomain (1ms)
		EndReloadAssembly (793ms)
			LoadAssemblies (87ms)
			RebuildTransferFunctionScriptingTraits (0ms)
			SetupTypeCache (116ms)
			ReleaseScriptCaches (0ms)
			RebuildScriptCaches (31ms)
			SetupLoadedEditorAssemblies (592ms)
				LogAssemblyErrors (0ms)
				InitializePlatformSupportModulesInManaged (329ms)
				SetLoadedEditorAssemblies (0ms)
				RefreshPlugins (107ms)
				BeforeProcessingInitializeOnLoad (1ms)
				ProcessInitializeOnLoadAttributes (101ms)
				ProcessInitializeOnLoadMethodAttributes (53ms)
				AfterProcessingInitializeOnLoad (0ms)
				EditorAssembliesLoaded (0ms)
			ExecutionOrderSort2 (0ms)
			AwakeInstancesAfterBackupRestoration (0ms)
Platform modules already initialized, skipping
Registering precompiled user dll's ...
Registered in 0.011359 seconds.
Begin MonoManager ReloadAssembly
Symbol file LoadedFromMemory doesn't match image C:\Program Files\The Tank Adventures\Library\PackageCache\com.unity.visualscripting@1.8.0\Editor\VisualScripting.Core\Dependencies\YamlDotNet\Unity.VisualScripting.YamlDotNet.dll
Symbol file LoadedFromMemory doesn't match image C:\Program Files\The Tank Adventures\Library\PackageCache\com.unity.visualscripting@1.8.0\Editor\VisualScripting.Core\Dependencies\DotNetZip\Unity.VisualScripting.IonicZip.dll
Native extension for WindowsStandalone target not found
Native extension for Android target not found
Native extension for WebGL target not found
Refreshing native plugins compatible for Editor in 99.68 ms, found 4 plugins.
Preloading 0 native plugins for Editor in 0.00 ms.
Mono: successfully reloaded assembly
- Completed reload, in  1.233 seconds
Domain Reload Profiling:
	ReloadAssembly (1234ms)
		BeginReloadAssembly (126ms)
			ExecutionOrderSort (0ms)
			DisableScriptedObjects (7ms)
			BackupInstance (0ms)
			ReleaseScriptingObjects (0ms)
			CreateAndSetChildDomain (19ms)
		EndReloadAssembly (987ms)
			LoadAssemblies (101ms)
			RebuildTransferFunctionScriptingTraits (0ms)
			SetupTypeCache (260ms)
			ReleaseScriptCaches (1ms)
			RebuildScriptCaches (64ms)
			SetupLoadedEditorAssemblies (495ms)
				LogAssemblyErrors (0ms)
				InitializePlatformSupportModulesInManaged (18ms)
				SetLoadedEditorAssemblies (0ms)
				RefreshPlugins (100ms)
				BeforeProcessingInitializeOnLoad (96ms)
				ProcessInitializeOnLoadAttributes (235ms)
				ProcessInitializeOnLoadMethodAttributes (42ms)
				AfterProcessingInitializeOnLoad (3ms)
				EditorAssembliesLoaded (0ms)
			ExecutionOrderSort2 (0ms)
			AwakeInstancesAfterBackupRestoration (6ms)
Platform modules already initialized, skipping
========================================================================
Worker process is ready to serve import requests
Launched and connected shader compiler UnityShaderCompiler.exe after 0.04 seconds
Refreshing native plugins compatible for Editor in 0.78 ms, found 4 plugins.
Preloading 0 native plugins for Editor in 0.00 ms.
Unloading 3762 Unused Serialized files (Serialized files now loaded: 0)
Unloading 41 unused Assets / (229.0 KB). Loaded Objects now: 4218.
Memory consumption went from 143.4 MB to 143.2 MB.
Total: 3.723600 ms (FindLiveObjects: 0.391400 ms CreateObjectMapping: 0.104800 ms MarkObjects: 3.053800 ms  DeleteObjects: 0.172500 ms)

AssetImportParameters requested are different than current active one (requested -> active):
  custom:video-decoder-ogg-theora: a1e56fd34408186e4bbccfd4996cb3dc -> 
  custom:container-muxer-webm: aa71ff27fc2769a1b78a27578f13a17b -> 
  custom:container-demuxer-webm: 4f35f7cbe854078d1ac9338744f61a02 -> 
  custom:video-encoder-webm-vp8: eb34c28f22e8b96e1ab97ce403110664 -> 
  custom:audio-encoder-webm-vorbis: bf7c407c2cedff20999df2af8eb42d56 -> 
  custom:framework-win-MediaFoundation: 216162199b28c13a410421893ffa2e32 -> 
  custom:container-demuxer-ogg: 62fdf1f143b41e24485cea50d1cbac27 -> 
  custom:video-decoder-webm-vp8: 9c59270c3fd7afecdb556c50c9e8de78 -> 
  custom:audio-decoder-ogg-vorbis: bf7c407c2cedff20999df2af8eb42d56 -> 
========================================================================
Received Import Request.
  Time since last request: 3604.790045 seconds.
  path: Assets/Prefabs/Tank Variant.prefab
  artifactKey: Guid(2efbc533f6de9f146be3f86d6883cebc) Importer(815301076,1909f56bfc062723c751e8b465ee728b)
Start importing Assets/Prefabs/Tank Variant.prefab using Guid(2efbc533f6de9f146be3f86d6883cebc) Importer(815301076,1909f56bfc062723c751e8b465ee728b)  -> (artifact id: '3f4004120606f0c5ec0279f9924f92d5') in 0.206928 seconds 
========================================================================
Received Import Request.
  Time since last request: 38.759379 seconds.
  path: Assets/Prefabs/StaticEnemy.prefab
  artifactKey: Guid(4cfefcd12f676b14fbe6cceac87de7b8) Importer(815301076,1909f56bfc062723c751e8b465ee728b)
Start importing Assets/Prefabs/StaticEnemy.prefab using Guid(4cfefcd12f676b14fbe6cceac87de7b8) Importer(815301076,1909f56bfc062723c751e8b465ee728b)  -> (artifact id: 'a4553abd309f2f9aecd8d1ea3a185159') in 0.025968 seconds 
========================================================================
Received Import Request.
  Time since last request: 206.426460 seconds.
  path: Assets/Sprites/Kenny Ui Pack/PNG/yellow_button08.png
  artifactKey: Guid(e9ea6fb1cc2dad0419d2292c04c7c401) Importer(815301076,1909f56bfc062723c751e8b465ee728b)
Start importing Assets/Sprites/Kenny Ui Pack/PNG/yellow_button08.png using Guid(e9ea6fb1cc2dad0419d2292c04c7c401) Importer(815301076,1909f56bfc062723c751e8b465ee728b)  -> (artifact id: '362545f1e856055f800216a58811078e') in 0.055604 seconds 
========================================================================
Received Import Request.
  Time since last request: 0.000029 seconds.
  path: Assets/Sprites/Kenny Ui Pack/PNG/yellow_sliderLeft.png
  artifactKey: Guid(82336afcc2444f1409fe3ceaa3dcc1b9) Importer(815301076,1909f56bfc062723c751e8b465ee728b)
Start importing Assets/Sprites/Kenny Ui Pack/PNG/yellow_sliderLeft.png using Guid(82336afcc2444f1409fe3ceaa3dcc1b9) Importer(815301076,1909f56bfc062723c751e8b465ee728b)  -> (artifact id: 'c9134bec34e349491a00f8925bd2eee7') in 0.028824 seconds 
========================================================================
Received Import Request.
  Time since last request: 0.000035 seconds.
  path: Assets/Sprites/Kenny Ui Pack/PNG/yellow_panel.png
  artifactKey: Guid(33264482646b779479dbf252a9081f4a) Importer(815301076,1909f56bfc062723c751e8b465ee728b)
Start importing Assets/Sprites/Kenny Ui Pack/PNG/yellow_panel.png using Guid(33264482646b779479dbf252a9081f4a) Importer(815301076,1909f56bfc062723c751e8b465ee728b)  -> (artifact id: 'c35d57d814cee4d028db46ea758eb745') in 0.032074 seconds 
========================================================================
Received Import Request.
  Time since last request: 0.000026 seconds.
  path: Assets/Sprites/Kenny Ui Pack/PNG/yellow_cross.png
  artifactKey: Guid(65ab07a5d3c8e224bade9fd37cedb0c0) Importer(815301076,1909f56bfc062723c751e8b465ee728b)
Start importing Assets/Sprites/Kenny Ui Pack/PNG/yellow_cross.png using Guid(65ab07a5d3c8e224bade9fd37cedb0c0) Importer(815301076,1909f56bfc062723c751e8b465ee728b)  -> (artifact id: 'cee52d8ce43dd4166e4e2faf373e2376') in 0.026780 seconds 
========================================================================
Received Import Request.
  Time since last request: 0.000023 seconds.
  path: Assets/Sprites/Kenny Ui Pack/PNG/yellow_tick.png
  artifactKey: Guid(c17e5a2142d52a44da6650b50f122f43) Importer(815301076,1909f56bfc062723c751e8b465ee728b)
Start importing Assets/Sprites/Kenny Ui Pack/PNG/yellow_tick.png using Guid(c17e5a2142d52a44da6650b50f122f43) Importer(815301076,1909f56bfc062723c751e8b465ee728b)  -> (artifact id: '257d8a11530327f01f131168d7850321') in 0.026840 seconds 
========================================================================
Received Import Request.
  Time since last request: 0.000023 seconds.
  path: Assets/Sprites/Kenny Ui Pack/PNG/yellow_sliderDown.png
  artifactKey: Guid(4574797a9ad06704680f43a7726e4b03) Importer(815301076,1909f56bfc062723c751e8b465ee728b)
Start importing Assets/Sprites/Kenny Ui Pack/PNG/yellow_sliderDown.png using Guid(4574797a9ad06704680f43a7726e4b03) Importer(815301076,1909f56bfc062723c751e8b465ee728b)  -> (artifact id: '9bd88c96e08fb1c20243f223bc7e65c5') in 0.027564 seconds 
========================================================================
Received Import Request.
  Time since last request: 0.000019 seconds.
  path: Assets/Sprites/Kenny Ui Pack/PNG/yellow_checkmark.png
  artifactKey: Guid(9402856aba0e7e647a605434902ce749) Importer(815301076,1909f56bfc062723c751e8b465ee728b)
Start importing Assets/Sprites/Kenny Ui Pack/PNG/yellow_checkmark.png using Guid(9402856aba0e7e647a605434902ce749) Importer(815301076,1909f56bfc062723c751e8b465ee728b)  -> (artifact id: 'fcf3ad97b8e882280d565af2bdb017d9') in 0.025924 seconds 
========================================================================
Received Import Request.
  Time since last request: 0.000021 seconds.
  path: Assets/Sprites/Kenny Ui Pack/PNG/yellow_button12.png
  artifactKey: Guid(3d62cc95c1b109643b0267df6963212b) Importer(815301076,1909f56bfc062723c751e8b465ee728b)
Start importing Assets/Sprites/Kenny Ui Pack/PNG/yellow_button12.png using Guid(3d62cc95c1b109643b0267df6963212b) Importer(815301076,1909f56bfc062723c751e8b465ee728b)  -> (artifact id: 'ddff862361bff9d5b2855f6bea543d0b') in 0.026975 seconds 
========================================================================
Received Import Request.
  Time since last request: 2.178200 seconds.
  path: Assets/Sprites/Kenny Topdown Tanks Redux/PNG/Retina/treeGreen_leaf.png
  artifactKey: Guid(45d19a0443b17474aa73b4ceaec79d23) Importer(815301076,1909f56bfc062723c751e8b465ee728b)
Start importing Assets/Sprites/Kenny Topdown Tanks Redux/PNG/Retina/treeGreen_leaf.png using Guid(45d19a0443b17474aa73b4ceaec79d23) Importer(815301076,1909f56bfc062723c751e8b465ee728b)  -> (artifact id: 'd0b62a85387e5596d7640b95579a652b') in 0.024957 seconds 
========================================================================
Received Import Request.
  Time since last request: 0.000028 seconds.
  path: Packages/com.unity.2d.animation/Editor/Assets/SkinningModule/Icons/Selected/Weight_Slider.png
  artifactKey: Guid(96b029a4248c85a4e8de2aa81fc0b60a) Importer(815301076,1909f56bfc062723c751e8b465ee728b)
Start importing Packages/com.unity.2d.animation/Editor/Assets/SkinningModule/Icons/Selected/Weight_Slider.png using Guid(96b029a4248c85a4e8de2aa81fc0b60a) Importer(815301076,1909f56bfc062723c751e8b465ee728b)  -> (artifact id: '473562742a70c490000828065b990b93') in 0.027075 seconds 
========================================================================
Received Import Request.
  Time since last request: 0.000025 seconds.
  path: Packages/com.unity.2d.animation/Editor/Assets/SkinningModule/Icons/Light/Weight_Brush@4x.png
  artifactKey: Guid(3dd5e5c693a816e4f96b869f6465955b) Importer(815301076,1909f56bfc062723c751e8b465ee728b)
Start importing Packages/com.unity.2d.animation/Editor/Assets/SkinningModule/Icons/Light/Weight_Brush@4x.png using Guid(3dd5e5c693a816e4f96b869f6465955b) Importer(815301076,1909f56bfc062723c751e8b465ee728b)  -> (artifact id: '4d7acdc4852ef1dde086ba844fc20d68') in 0.021606 seconds 
========================================================================
Received Import Request.
  Time since last request: 0.000024 seconds.
  path: Packages/com.unity.2d.animation/Editor/Assets/SkinningModule/Icons/Light/Weight_Slider@4x.png
  artifactKey: Guid(4e494ad3b858ecf4fab63aae9075d43d) Importer(815301076,1909f56bfc062723c751e8b465ee728b)
Start importing Packages/com.unity.2d.animation/Editor/Assets/SkinningModule/Icons/Light/Weight_Slider@4x.png using Guid(4e494ad3b858ecf4fab63aae9075d43d) Importer(815301076,1909f56bfc062723c751e8b465ee728b)  -> (artifact id: '6137eda3338ac98c48ca0d019987f20b') in 0.026523 seconds 
========================================================================
Received Import Request.
  Time since last request: 0.000025 seconds.
  path: Packages/com.unity.2d.animation/Editor/Assets/SkinningModule/Icons/Selected/Weight_Slider@4x.png
  artifactKey: Guid(ac47ed8ccc79cf04dae198b9cc5b3a6f) Importer(815301076,1909f56bfc062723c751e8b465ee728b)
Start importing Packages/com.unity.2d.animation/Editor/Assets/SkinningModule/Icons/Selected/Weight_Slider@4x.png using Guid(ac47ed8ccc79cf04dae198b9cc5b3a6f) Importer(815301076,1909f56bfc062723c751e8b465ee728b)  -> (artifact id: '934c34d75faf694a46541cec383123dc') in 0.019879 seconds 
========================================================================
Received Import Request.
  Time since last request: 0.000026 seconds.
  path: Assets/Sprites/Kenny Topdown Tanks Redux/PNG/Retina/treeGreen_twigs.png
  artifactKey: Guid(b134f215da3c147429c45c13939d98dc) Importer(815301076,1909f56bfc062723c751e8b465ee728b)
Start importing Assets/Sprites/Kenny Topdown Tanks Redux/PNG/Retina/treeGreen_twigs.png using Guid(b134f215da3c147429c45c13939d98dc) Importer(815301076,1909f56bfc062723c751e8b465ee728b)  -> (artifact id: '9a0c19afd5c32c1e82d8a8ceecaa147f') in 0.020186 seconds 
========================================================================
Received Import Request.
  Time since last request: 0.000024 seconds.
  path: Packages/com.unity.2d.animation/Editor/Assets/SkinningModule/Icons/Selected/Weight_Slider@3x.png
  artifactKey: Guid(af73899d5803d99448134360f184f348) Importer(815301076,1909f56bfc062723c751e8b465ee728b)
Start importing Packages/com.unity.2d.animation/Editor/Assets/SkinningModule/Icons/Selected/Weight_Slider@3x.png using Guid(af73899d5803d99448134360f184f348) Importer(815301076,1909f56bfc062723c751e8b465ee728b)  -> (artifact id: '2f6f242ff65060385cd960892a4d5c70') in 0.027500 seconds 
========================================================================
Received Import Request.
  Time since last request: 0.000023 seconds.
  path: Packages/com.unity.2d.animation/Editor/Assets/SkinningModule/Icons/Light/Weight_Brush@2x.png
  artifactKey: Guid(17d3bf7425a0748489ce3633e38652db) Importer(815301076,1909f56bfc062723c751e8b465ee728b)
Start importing Packages/com.unity.2d.animation/Editor/Assets/SkinningModule/Icons/Light/Weight_Brush@2x.png using Guid(17d3bf7425a0748489ce3633e38652db) Importer(815301076,1909f56bfc062723c751e8b465ee728b)  -> (artifact id: 'beb3c06a9f54ea6d4b3beda9df337a03') in 0.025572 seconds 
========================================================================
Received Import Request.
  Time since last request: 0.000025 seconds.
  path: Packages/com.unity.2d.animation/Editor/Assets/SkinningModule/Icons/Selected/Weight_Brush.png
  artifactKey: Guid(bf734b7184825b040837040cb93a8dc7) Importer(815301076,1909f56bfc062723c751e8b465ee728b)
Start importing Packages/com.unity.2d.animation/Editor/Assets/SkinningModule/Icons/Selected/Weight_Brush.png using Guid(bf734b7184825b040837040cb93a8dc7) Importer(815301076,1909f56bfc062723c751e8b465ee728b)  -> (artifact id: '1d0a6fdac1645dd80723f60fcce51135') in 0.020723 seconds 
========================================================================
Received Import Request.
  Time since last request: 0.000031 seconds.
  path: Packages/com.unity.2d.animation/Editor/Assets/SkinningModule/Icons/Selected/Weight_Brush@2x.png
  artifactKey: Guid(bb668641abe10a64891e26613cf530ee) Importer(815301076,1909f56bfc062723c751e8b465ee728b)
Start importing Packages/com.unity.2d.animation/Editor/Assets/SkinningModule/Icons/Selected/Weight_Brush@2x.png using Guid(bb668641abe10a64891e26613cf530ee) Importer(815301076,1909f56bfc062723c751e8b465ee728b)  -> (artifact id: '57f067a03c0e522f8ad1fb503487057e') in 0.021122 seconds 
========================================================================
Received Import Request.
  Time since last request: 0.000019 seconds.
  path: Packages/com.unity.2d.animation/Editor/Assets/SkinningModule/Icons/Selected/Weight_Brush@3x.png
  artifactKey: Guid(3e6e6fbbd946d0541923f45f4eaa2cf1) Importer(815301076,1909f56bfc062723c751e8b465ee728b)
Start importing Packages/com.unity.2d.animation/Editor/Assets/SkinningModule/Icons/Selected/Weight_Brush@3x.png using Guid(3e6e6fbbd946d0541923f45f4eaa2cf1) Importer(815301076,1909f56bfc062723c751e8b465ee728b)  -> (artifact id: 'b71191022894e94049dca58dfc09225f') in 0.020307 seconds 
========================================================================
Received Import Request.
  Time since last request: 132.452033 seconds.
  path: Assets/Sprites/Kenny Topdown Tanks Redux/PNG/Retina/treeBrown_leaf.png
  artifactKey: Guid(2d7483b9a136c844fb1ce1b453095e46) Importer(815301076,1909f56bfc062723c751e8b465ee728b)
Start importing Assets/Sprites/Kenny Topdown Tanks Redux/PNG/Retina/treeBrown_leaf.png using Guid(2d7483b9a136c844fb1ce1b453095e46) Importer(815301076,1909f56bfc062723c751e8b465ee728b)  -> (artifact id: '427a56dd2a7620e601472818136c5ac8') in 0.031606 seconds 
========================================================================
Received Import Request.
  Time since last request: 0.000020 seconds.
  path: Assets/Sprites/Kenny Topdown Tanks Redux/PNG/Retina/wireCrooked.png
  artifactKey: Guid(26b69ed0319e8b344a326c6e021eb251) Importer(815301076,1909f56bfc062723c751e8b465ee728b)
Start importing Assets/Sprites/Kenny Topdown Tanks Redux/PNG/Retina/wireCrooked.png using Guid(26b69ed0319e8b344a326c6e021eb251) Importer(815301076,1909f56bfc062723c751e8b465ee728b)  -> (artifact id: '8ef2aa76eafe237eef6cf3d281ca8dea') in 0.031866 seconds 
========================================================================
Received Import Request.
  Time since last request: 0.000036 seconds.
  path: Assets/Sprites/Kenny Topdown Tanks Redux/PNG/Retina/treeBrown_twigs.png
  artifactKey: Guid(766cc3f6ee5f1b84e858162b7c59fce2) Importer(815301076,1909f56bfc062723c751e8b465ee728b)
Start importing Assets/Sprites/Kenny Topdown Tanks Redux/PNG/Retina/treeBrown_twigs.png using Guid(766cc3f6ee5f1b84e858162b7c59fce2) Importer(815301076,1909f56bfc062723c751e8b465ee728b)  -> (artifact id: '0c8d54056d447e4470231dc28dae5280') in 0.020150 seconds 
========================================================================
Received Import Request.
  Time since last request: 0.198747 seconds.
  path: Assets/Sprites/Kenny Ui Pack/PNG/red_checkmark.png
  artifactKey: Guid(a3eb259047e4ab848888854777adaee9) Importer(815301076,1909f56bfc062723c751e8b465ee728b)
Start importing Assets/Sprites/Kenny Ui Pack/PNG/red_checkmark.png using Guid(a3eb259047e4ab848888854777adaee9) Importer(815301076,1909f56bfc062723c751e8b465ee728b)  -> (artifact id: '076141a3d01e1cf33e45a72c23e517b1') in 0.027215 seconds 
========================================================================
Received Import Request.
  Time since last request: 0.000026 seconds.
  path: Assets/Sprites/Kenny Ui Pack/PNG/red_tick.png
  artifactKey: Guid(ef951a84df1ba304d93e308057078bab) Importer(815301076,1909f56bfc062723c751e8b465ee728b)
Start importing Assets/Sprites/Kenny Ui Pack/PNG/red_tick.png using Guid(ef951a84df1ba304d93e308057078bab) Importer(815301076,1909f56bfc062723c751e8b465ee728b)  -> (artifact id: '7ff094d70e7842edd0618e4b52a3a591') in 0.027569 seconds 
========================================================================
Received Import Request.
  Time since last request: 0.000037 seconds.
  path: Assets/Sprites/Kenny Ui Pack/PNG/red_sliderDown.png
  artifactKey: Guid(392c475ada537f3478d539a9de0edb68) Importer(815301076,1909f56bfc062723c751e8b465ee728b)
Start importing Assets/Sprites/Kenny Ui Pack/PNG/red_sliderDown.png using Guid(392c475ada537f3478d539a9de0edb68) Importer(815301076,1909f56bfc062723c751e8b465ee728b)  -> (artifact id: '06df29254898861047a5ca7ff13d5dff') in 0.026303 seconds 
========================================================================
Received Import Request.
  Time since last request: 0.000021 seconds.
  path: Assets/Sprites/Kenny Ui Pack/PNG/red_circle.png
  artifactKey: Guid(1a8df8f75a3fa6149a5f2c23530854e8) Importer(815301076,1909f56bfc062723c751e8b465ee728b)
Start importing Assets/Sprites/Kenny Ui Pack/PNG/red_circle.png using Guid(1a8df8f75a3fa6149a5f2c23530854e8) Importer(815301076,1909f56bfc062723c751e8b465ee728b)  -> (artifact id: 'b8e4f6e074a88dfab6e297c54bfd0334') in 0.029725 seconds 
========================================================================
Received Import Request.
  Time since last request: 0.000020 seconds.
  path: Assets/Sprites/Kenny Ui Pack/PNG/red_cross.png
  artifactKey: Guid(c8c9ab1c3e00bbb4599afafc21fd34a1) Importer(815301076,1909f56bfc062723c751e8b465ee728b)
Start importing Assets/Sprites/Kenny Ui Pack/PNG/red_cross.png using Guid(c8c9ab1c3e00bbb4599afafc21fd34a1) Importer(815301076,1909f56bfc062723c751e8b465ee728b)  -> (artifact id: '40ebee7a182dd67cf9e9e40e5540bbf3') in 0.026051 seconds 
========================================================================
Received Import Request.
  Time since last request: 3.195276 seconds.
  path: Assets/Sprites/Kenny Ui Pack/PNG/red_button10.png
  artifactKey: Guid(8c2a7c967f574444a97936b9e6505952) Importer(815301076,1909f56bfc062723c751e8b465ee728b)
Start importing Assets/Sprites/Kenny Ui Pack/PNG/red_button10.png using Guid(8c2a7c967f574444a97936b9e6505952) Importer(815301076,1909f56bfc062723c751e8b465ee728b)  -> (artifact id: '3e783d66f1f21fdfdc8d6c66ea334e99') in 0.026771 seconds 
========================================================================
Received Import Request.
  Time since last request: 0.000020 seconds.
  path: Assets/Sprites/Kenny Ui Pack/PNG/red_button11.png
  artifactKey: Guid(d039533587adac84cbf9f84c6e2476c2) Importer(815301076,1909f56bfc062723c751e8b465ee728b)
Start importing Assets/Sprites/Kenny Ui Pack/PNG/red_button11.png using Guid(d039533587adac84cbf9f84c6e2476c2) Importer(815301076,1909f56bfc062723c751e8b465ee728b)  -> (artifact id: '842691fa83bc196d391f4f593e42664b') in 0.025613 seconds 
========================================================================
Received Import Request.
  Time since last request: 0.542985 seconds.
  path: Assets/Sprites/Kenny Ui Pack/PNG/red_button01.png
  artifactKey: Guid(5f82c2da0ef34644f8fd7a398e154a54) Importer(815301076,1909f56bfc062723c751e8b465ee728b)
Start importing Assets/Sprites/Kenny Ui Pack/PNG/red_button01.png using Guid(5f82c2da0ef34644f8fd7a398e154a54) Importer(815301076,1909f56bfc062723c751e8b465ee728b)  -> (artifact id: '959f04a54b03af1ca42de73914a1f33e') in 0.026274 seconds 
========================================================================
Received Import Request.
  Time since last request: 0.000018 seconds.
  path: Assets/Sprites/Kenny Ui Pack/PNG/red_button04.png
  artifactKey: Guid(5803d3185b3d21747b4e6b35d58b8c3c) Importer(815301076,1909f56bfc062723c751e8b465ee728b)
Start importing Assets/Sprites/Kenny Ui Pack/PNG/red_button04.png using Guid(5803d3185b3d21747b4e6b35d58b8c3c) Importer(815301076,1909f56bfc062723c751e8b465ee728b)  -> (artifact id: '621661279b50ed6da0110ec935c3c2e0') in 0.027277 seconds 
========================================================================
Received Import Request.
  Time since last request: 0.000018 seconds.
  path: Assets/Sprites/Kenny Ui Pack/PNG/red_button05.png
  artifactKey: Guid(8513f941b7d66b84a95db2a04a4445a8) Importer(815301076,1909f56bfc062723c751e8b465ee728b)
Start importing Assets/Sprites/Kenny Ui Pack/PNG/red_button05.png using Guid(8513f941b7d66b84a95db2a04a4445a8) Importer(815301076,1909f56bfc062723c751e8b465ee728b)  -> (artifact id: 'c1acb3cfc85d6b711f840b0b8a748f8e') in 0.025671 seconds 
========================================================================
Received Import Request.
  Time since last request: 0.000027 seconds.
  path: Assets/Sprites/Kenny Ui Pack/PNG/red_button08.png
  artifactKey: Guid(ef97700ce5d72294d8ae70278b071e16) Importer(815301076,1909f56bfc062723c751e8b465ee728b)
Start importing Assets/Sprites/Kenny Ui Pack/PNG/red_button08.png using Guid(ef97700ce5d72294d8ae70278b071e16) Importer(815301076,1909f56bfc062723c751e8b465ee728b)  -> (artifact id: '118cf3e960fa496b02deb522f53dd772') in 0.026048 seconds 
Editor requested this worker to shutdown with reason: Scaling down because of idle timeout
AssetImportWorker is now disconnected from the server
Process exiting
Exiting without the bug reporter. Application will terminate with return code 0